<?xml version="1.0" encoding="UTF-8"?>
<!-- Generated by org.testng.reporters.JUnitReportReporter -->
<testsuite skipped="0" hostname="DESKTOP-Q93RJ62" name="demo.PracticeTest" tests="1" failures="0" timestamp="2022-11-22T19:49:51 IST" time="0.016" errors="0">
  <testcase name="practice" time="0.016" classname="demo.PracticeTest"/>
  <system-out/>
</testsuite> <!-- demo.PracticeTest -->
