<?xml version="1.0" encoding="UTF-8"?>
<!-- Generated by org.testng.reporters.JUnitReportReporter -->
<testsuite skipped="0" hostname="DESKTOP-Q93RJ62" name="demo.SampleTest" tests="1" failures="0" timestamp="2022-11-22T00:39:07 IST" time="0.019" errors="0">
  <testcase name="test" time="0.019" classname="demo.SampleTest"/>
  <system-out/>
</testsuite> <!-- demo.SampleTest -->
