<?xml version="1.0" encoding="UTF-8"?>
<!-- Generated by org.testng.reporters.JUnitReportReporter -->
<testsuite skipped="0" hostname="DESKTOP-Q93RJ62" name="demo.SampleTest" tests="1" failures="0" timestamp="2022-11-21T21:25:03 IST" time="0.016" errors="0">
  <testcase name="test" time="0.016" classname="demo.SampleTest"/>
  <system-out/>
</testsuite> <!-- demo.SampleTest -->
